Jacobi_mpi2.c: In function 'main':
Jacobi_mpi2.c:107:10: warning: assignment from incompatible pointer type
   U_start=&(U[0][0]);
          ^
Jacobi_mpi2.c:353:12: warning: assignment from incompatible pointer type
    U_start = &(U[0][0]);
            ^
Jacobi_mpi2.c:28:13: warning: unused variable 'status' [-Wunused-variable]
  MPI_Status status;
             ^
Jacobi_mpi2.c:16:9: warning: variable 'omega' set but not used [-Wunused-but-set-variable]
  double omega;    //relaxation factor - useless for Jacobi
         ^
Jacobi_mpi2.c:365:4: warning: 'scattercounts' may be used uninitialized in this function [-Wmaybe-uninitialized]
    MPI_Gatherv(&u_current[1][1], 1, local_block, U_start, scattercounts, scatteroffset, global_block, 0, MPI_COMM_WORLD);
    ^
Jacobi_mpi2.c:365:4: warning: 'scatteroffset' may be used uninitialized in this function [-Wmaybe-uninitialized]
Jacobi_mpi2.c:127:2: warning: 'U_start' may be used uninitialized in this function [-Wmaybe-uninitialized]
  MPI_Scatterv(U_start, scattercounts, scatteroffset, global_block, &(u_current[1][1]), 1, local_block, 0, MPI_COMM_WORLD);
  ^
Jacobi_mpi2.c:141:3: warning: 'U' may be used uninitialized in this function [-Wmaybe-uninitialized]
   free2d(U);
   ^
GaussSeidelSOR_mpi.c: In function 'main':
GaussSeidelSOR_mpi.c:107:10: warning: assignment from incompatible pointer type
   U_start=&(U[0][0]);
          ^
GaussSeidelSOR_mpi.c:369:12: warning: assignment from incompatible pointer type
    U_start = &(U[0][0]);
            ^
GaussSeidelSOR_mpi.c:28:13: warning: unused variable 'status' [-Wunused-variable]
  MPI_Status status;
             ^
GaussSeidelSOR_mpi.c:381:4: warning: 'scattercounts' may be used uninitialized in this function [-Wmaybe-uninitialized]
    MPI_Gatherv(&u_current[1][1], 1, local_block, U_start, scattercounts, scatteroffset, global_block, 0, MPI_COMM_WORLD);
    ^
GaussSeidelSOR_mpi.c:381:4: warning: 'scatteroffset' may be used uninitialized in this function [-Wmaybe-uninitialized]
GaussSeidelSOR_mpi.c:127:2: warning: 'U_start' may be used uninitialized in this function [-Wmaybe-uninitialized]
  MPI_Scatterv(U_start, scattercounts, scatteroffset, global_block, &(u_current[1][1]), 1, local_block, 0, MPI_COMM_WORLD);
  ^
GaussSeidelSOR_mpi.c:141:3: warning: 'U' may be used uninitialized in this function [-Wmaybe-uninitialized]
   free2d(U);
   ^
